"blank"			"=========================="
"blank"			"#Valve_Movement_Title"
"blank"			"=========================="
"+forward"		"#Valve_Move_Forward"
"+back"			"#Valve_Move_Back"
"+left"			"#Valve_Turn_Left"
"+right"		"#Valve_Turn_Right"
"+moveleft"		"#Valve_Move_Left"
"+moveright"	"#Valve_Move_Right"
"+speed"        "#Valve_Walk"
"+jump"			"#Valve_Jump"
"+duck"			"#Valve_Duck"
"+moveup"		"#Valve_Swim_Up"
"+movedown"		"#Valve_Swim_Down"
"+lookup"		"#Valve_Look_Up"
"+lookdown"		"#Valve_Look_Down"
"centerview"	"#Cstrike_Reset_View"
"+mlook"		"#Cstrike_Mouse_Look"
"+klook"		"#Cstrike_Keyboard_Look"
"blank"			"=========================="
"blank"			"#Valve_Communication_Title"
"blank"			"=========================="
"+voicerecord"	"#Valve_Use_Voice_Communication"
"radio1"		"#Cstrike_Standard_Radio"
"radio2"		"#Cstrike_Group_Radio"
"radio3"		"#Cstrike_Report_Radio"
"+commandmenu"	"#Valve_Activate_In_Game_GUI"
"messagemode"	"#Valve_Chat_Message"
"messagemode2"	"#Valve_Team_Message"
"blank"			"=========================="
"blank"			"#Cstrike_Menu_Title"
"blank"			"=========================="
"buy" 			"#Cstrike_Buy_Menu"
"buyammo1"   	"#Cstrike_Buy_Primary_Ammo"
"buyammo2" 		"#Cstrike_Buy_Secondary_Ammo"
"buyequip"		"#Cstrike_Buy_Equip_Menu"
"autobuy"       "#Cstrike_Auto_Buy"
"rebuy"	        "#Cstrike_ReBuy"
"chooseteam" 	"#Cstrike_Select_Team"
"slot10"		"#Cstrike_Menu_Item_0"
"slot1"			"#Cstrike_Menu_Item_1"
"slot2"			"#Cstrike_Menu_Item_2"
"slot3" 		"#Cstrike_Menu_Item_3"
"slot4"			"#Cstrike_Menu_Item_4"
"slot5"			"#Cstrike_Menu_Item_5"
"slot6"			"#Cstrike_Menu_Item_6"
"slot7"			"#Cstrike_Menu_Item_7"
"slot8"			"#Cstrike_Menu_Item_8"
"slot9"			"#Cstrike_Menu_Item_9"
"+score"		"#Valve_Display_Scores"
"showbriefing"	"#Cstrike_Mission_Briefing"
"blank"			"=========================="
"blank"			"#Cstrike_Combat_Title"
"blank"			"=========================="
"+attack"		"#Cstrike_Fire"
"+attack2"		"#LeaderMode_Aim"
"+reload"		"#Valve_Reload_Weapon"
"changemode"	"#Cstrike_Weapon_Special_Func"
"invprev"		"#Valve_Previous_Weapon"
"invnext"		"#Valve_Next_Weapon"
"lastinv"		"#Valve_Last_Weapon_Used"
"nightvision"	"#Cstrike_Nightvision"
"drop"	 		"#Cstrike_Drop_Weapon"
"+qtg"			"#LeaderMode_Use_Equipment"
"eqpnext"		"#LeaderMode_Sel_Next_Eqp"
"eqpprev"		"#LeaderMode_Sel_Last_Eqp"
"melee"			"#LeaderMode_Melee"
"blank"			"=========================="
"blank"			"#LeaderMode_Campaign_Title"
"blank"			"=========================="
"declarerole"	"#LeaderMode_Declare_Role"
"votescheme"	"#LeaderMode_Vote_Scheme"
"blank"			"=========================="
"blank"			"#Valve_Miscellaneous_Title"
"blank"			"=========================="
"tutor_toggle"	"#CStrike_Tutor_Toggle"
"+use"			"#Valve_Use_Items"
"impulse 100"	"#Valve_Flashlight"
"executeskill"	"#LeaderMode_Use_Skill"
"impulse 201"	"#Valve_Spray_Logo"
"snapshot"		"#Valve_Take_Screen_Shot"
"cheer"			"#Valve_Cheer"
"pause"			"#Valve_Pause_Game"
"quit"			"#Valve_Quit_Game"
